[debug] [2025-08-16T14:32:25.484Z] ----------------------------------------------------------------------
[debug] [2025-08-16T14:32:25.486Z] Command:       /usr/local/bin/node /Users/elnrsahar/.npm-global/bin/firebase init
[debug] [2025-08-16T14:32:25.486Z] CLI Version:   14.12.1
[debug] [2025-08-16T14:32:25.486Z] Platform:      darwin
[debug] [2025-08-16T14:32:25.486Z] Node Version:  v22.14.0
[debug] [2025-08-16T14:32:25.487Z] Time:          Sat Aug 16 2025 19:32:25 GMT+0500 (Kazakhstan Time)
[debug] [2025-08-16T14:32:25.487Z] ----------------------------------------------------------------------
[debug] 
[debug] [2025-08-16T14:32:25.488Z] >>> [apiv2][query] GET https://firebase-public.firebaseio.com/cli.json [none]
[debug] [2025-08-16T14:32:25.511Z] > command requires scopes: ["email","openid","https://www.googleapis.com/auth/cloudplatformprojects.readonly","https://www.googleapis.com/auth/firebase","https://www.googleapis.com/auth/cloud-platform"]
[debug] [2025-08-16T14:32:25.512Z] > authorizing via signed-in user (elmur.shahar@gmail.com)
[info] 
     ######## #### ########  ######## ########     ###     ######  ########
     ##        ##  ##     ## ##       ##     ##  ##   ##  ##       ##
     ######    ##  ########  ######   ########  #########  ######  ######
     ##        ##  ##    ##  ##       ##     ## ##     ##       ## ##
     ##       #### ##     ## ######## ########  ##     ##  ######  ########

You're about to initialize a Firebase project in this directory:

  /Users/elnrsahar/cursor projects/khanmedia-education

[debug] [2025-08-16T14:32:26.061Z] <<< [apiv2][status] GET https://firebase-public.firebaseio.com/cli.json 200
[debug] [2025-08-16T14:32:26.061Z] <<< [apiv2][body] GET https://firebase-public.firebaseio.com/cli.json {"cloudBuildErrorAfter":1594252800000,"cloudBuildWarnAfter":1590019200000,"defaultNode10After":1594252800000,"minVersion":"3.0.5","node8DeploysDisabledAfter":1613390400000,"node8RuntimeDisabledAfter":1615809600000,"node8WarnAfter":1600128000000}
